Alchemists
2 4
120
http://cf.geekdo-images.com/images/pic2241156_t.png
Deduction , Fantasy , 
Action Point Allowance System , Card Drafting , Hand Management , Memory , Worker Placement , 
4
10

Battlestar Galactica
3 6
240
http://cf.geekdo-images.com/images/pic354500_t.jpg
Bluffing , Deduction , Movies / TV / Radio theme , Political , Science Fiction , Space Exploration , Spies/Secret Agents , 
Area Movement , Dice Rolling , Hand Management , Partnerships , Role Playing , Variable Player Powers , 
5
8

Betrayal at House on the Hill
3 6
60
http://cf.geekdo-images.com/images/pic828598_t.jpg
Adventure , Exploration , Horror , Miniatures , 
Co-operative Play , Dice Rolling , Modular Board , Partnerships , Player Elimination , Role Playing , Storytelling , Variable Player Powers , 
5
10

Coup
2 6
15
http://cf.geekdo-images.com/images/pic2016054_t.jpg
Bluffing , Card Game , Deduction , Political , 
Memory , Player Elimination , Take That , Variable Player Powers , 
5
6

A Game of Thrones: The Board Game (Second Edition)
3 6
240
http://cf.geekdo-images.com/images/pic1077906_t.jpg
Bluffing , Fantasy , Negotiation , Novel-based , Political , Wargame , 
Area Control / Area Influence , Area Movement , Auction/Bidding , Player Elimination , Simultaneous Action Selection , Variable Player Powers , 
6
10

Jungle Speed
2 8
10
http://cf.geekdo-images.com/images/pic736534_t.jpg
Action / Dexterity , Card Game , Party Game , 
Pattern Recognition , 
5
8

King of New York
2 6
40
http://cf.geekdo-images.com/images/pic2407103_t.jpg
Dice , Fighting , Movies / TV / Radio theme , Science Fiction , 
Card Drafting , Dice Rolling , Player Elimination , 
4
9

Love Letter
2 4
20
http://cf.geekdo-images.com/images/pic1401448_t.jpg
Bluffing , Card Game , Deduction , Renaissance , 
Hand Management , Player Elimination , 
4
8

Monopoly: London
2 8
180
http://cf.geekdo-images.com/images/pic773046_t.jpg
Economic , Negotiation , 
Auction/Bidding , Roll / Spin and Move , Set Collection , Trading , 
1
6

Monster Fluxx
2 6
20
http://cf.geekdo-images.com/images/pic1801530_t.jpg
Card Game , 
Hand Management , Set Collection , 
3
8

Praetor
2 5
75
http://cf.geekdo-images.com/images/pic1963503_t.png
Ancient , City Building , Economic , 
Modular Board , Tile Placement , Variable Player Powers , Worker Placement , 
4
4

The Resistance
5 10
30
http://cf.geekdo-images.com/images/pic2576459_t.jpg
Bluffing , Deduction , Negotiation , Party Game , Science Fiction , Spies/Secret Agents , 
Partnerships , Simultaneous Action Selection , Voting , 
7
10

Risk: The Walking Dead - Survival Edition
2 5
60
http://cf.geekdo-images.com/images/pic1778493_t.jpg
Horror , Movies / TV / Radio theme , Wargame , Zombies , 
Area Control / Area Influence , Dice Rolling , 
4
7

Saboteur
3 10
30
http://cf.geekdo-images.com/images/pic2602139_t.jpg
Bluffing , Card Game , Exploration , Party Game , 
Hand Management , Partnerships , Route/Network Building , Take That , 
7
6

Shadow Hunters
4 8
45
http://cf.geekdo-images.com/images/pic1215982_t.jpg
Adventure , Bluffing , Card Game , Deduction , Horror , Party Game , 
Dice Rolling , Partnerships , Player Elimination , Variable Player Powers , 
7
10

Sheriff of Nottingham
3 5
60
http://cf.geekdo-images.com/images/pic2075830_t.jpg
Bluffing , Card Game , Humor , Medieval , Negotiation , Novel-based , 
Hand Management , Role Playing , Set Collection , 
5
7

Solo
2 10
30
http://cf.geekdo-images.com/images/pic88271_t.jpg
Card Game , 

5
3

Ticket to Ride: Europe
2 5
60
http://cf.geekdo-images.com/images/pic66668_t.jpg
Trains , Travel , 
Card Drafting , Hand Management , Route/Network Building , Set Collection , 
4
9

Ultimate Werewolf: Ultimate Edition
5 68
90
http://cf.geekdo-images.com/images/pic1849390_t.jpg
Bluffing , Card Game , Deduction , Horror , Murder/Mystery , Negotiation , Party Game , 
Partnerships , Role Playing , Voting , 
15
5

Vikings: Warriors of the North
3 4
60
http://cf.geekdo-images.com/images/pic1776293_t.jpg
Adventure , Fantasy , Fighting , Medieval , Nautical , 
Dice Rolling , Grid Movement , Hand Management , Pick-up and Deliver , 
4
10

